PROG                                                                                                          PAGE 1

                       1    $MOD51
0000                   2    ORG 0h
0000                   3    START:
0000 D290              4        SETB P1.0
0002 110A              5        ACALL DELAY
0004 C290              6        CLR P1.0
0006 110A              7        ACALL DELAY
0008 80F6              8        SJMP START
                       9    
000A                  10    DELAY:
000A 78FF             11        MOV R0, #255
000C                  12    LOOP:
000C D8FE             13        DJNZ R0, LOOP
000E 22               14        RET
                      15    END

VERSION 1.2k ASSEMBLY COMPLETE, 0 ERRORS FOUND
PROG                                                                                                          PAGE 2

DELAY. . . . . . . . . . . . . .  C ADDR  000AH  
LOOP . . . . . . . . . . . . . .  C ADDR  000CH  
P1 . . . . . . . . . . . . . . .  D ADDR  0090H  PREDEFINED  
START. . . . . . . . . . . . . .  C ADDR  0000H  
