MAIN                                                                                                          PAGE 1

                       1    $MOD51
                       2    
0000                   3    ORG 00h
0000 759840            4    MOV SCON, #40h
0003 758920            5    MOV TMOD, #20h
0006 758DE8            6    MOV TH1, #0E8h
0009 D28E              7    SETB TR1
000B 7850              8    MOV R0, #50h
000D 790A              9    MOV R1, #10
                      10    
000F                  11    LOOP:
000F E6               12            MOV A, @R0
0010 F599             13            MOV SBUF, A
0012 3099FD           14            JNB TI, $
0015 C299             15            CLR TI
0017 08               16            INC R0
0018 D9F5             17            DJNZ R1, LOOP
                      18    
001A 80FE             19    SJMP $
                      20    
                      21    END

VERSION 1.2k ASSEMBLY COMPLETE, 0 ERRORS FOUND
MAIN                                                                                                          PAGE 2

LOOP . . . . . . . . . . . . . .  C ADDR  000FH  
SBUF . . . . . . . . . . . . . .  D ADDR  0099H  PREDEFINED  
SCON . . . . . . . . . . . . . .  D ADDR  0098H  PREDEFINED  
TH1. . . . . . . . . . . . . . .  D ADDR  008DH  PREDEFINED  
TI . . . . . . . . . . . . . . .  B ADDR  0099H  PREDEFINED  
TMOD . . . . . . . . . . . . . .  D ADDR  0089H  PREDEFINED  
TR1. . . . . . . . . . . . . . .  B ADDR  008EH  PREDEFINED  
